[0.378s] Invoking command in '/home/austin/ROS2/ros2/src/py_pubsub': PYTHONPATH=/home/austin/ROS2/ros2/install/py_pubsub/lib/python3.6/site-packages:${PYTHONPATH} /usr/bin/python3 setup.py egg_info --egg-base /home/austin/ROS2/ros2/build/py_pubsub build --build-base /home/austin/ROS2/ros2/build/py_pubsub/build install --prefix /home/austin/ROS2/ros2/install/py_pubsub --record /home/austin/ROS2/ros2/build/py_pubsub/install.log --single-version-externally-managed
[0.551s] running egg_info
[0.551s] writing /home/austin/ROS2/ros2/build/py_pubsub/py_pubsub.egg-info/PKG-INFO
[0.551s] writing dependency_links to /home/austin/ROS2/ros2/build/py_pubsub/py_pubsub.egg-info/dependency_links.txt
[0.551s] writing entry points to /home/austin/ROS2/ros2/build/py_pubsub/py_pubsub.egg-info/entry_points.txt
[0.552s] writing requirements to /home/austin/ROS2/ros2/build/py_pubsub/py_pubsub.egg-info/requires.txt
[0.552s] writing top-level names to /home/austin/ROS2/ros2/build/py_pubsub/py_pubsub.egg-info/top_level.txt
[0.577s] reading manifest file '/home/austin/ROS2/ros2/build/py_pubsub/py_pubsub.egg-info/SOURCES.txt'
[0.578s] writing manifest file '/home/austin/ROS2/ros2/build/py_pubsub/py_pubsub.egg-info/SOURCES.txt'
[0.578s] running build
[0.578s] running build_py
[0.579s] running install
[0.579s] running install_lib
[0.580s] running install_data
[0.580s] running install_egg_info
[0.581s] removing '/home/austin/ROS2/ros2/install/py_pubsub/lib/python3.6/site-packages/py_pubsub-0.0.0-py3.6.egg-info' (and everything under it)
[0.582s] Copying /home/austin/ROS2/ros2/build/py_pubsub/py_pubsub.egg-info to /home/austin/ROS2/ros2/install/py_pubsub/lib/python3.6/site-packages/py_pubsub-0.0.0-py3.6.egg-info
[0.582s] running install_scripts
[0.597s] Installing listener script to /home/austin/ROS2/ros2/install/py_pubsub/lib/py_pubsub
[0.597s] Installing talker script to /home/austin/ROS2/ros2/install/py_pubsub/lib/py_pubsub
[0.597s] writing list of installed files to '/home/austin/ROS2/ros2/build/py_pubsub/install.log'
[0.631s] Invoked command in '/home/austin/ROS2/ros2/src/py_pubsub' returned '0': PYTHONPATH=/home/austin/ROS2/ros2/install/py_pubsub/lib/python3.6/site-packages:${PYTHONPATH} /usr/bin/python3 setup.py egg_info --egg-base /home/austin/ROS2/ros2/build/py_pubsub build --build-base /home/austin/ROS2/ros2/build/py_pubsub/build install --prefix /home/austin/ROS2/ros2/install/py_pubsub --record /home/austin/ROS2/ros2/build/py_pubsub/install.log --single-version-externally-managed
