running egg_info
creating /home/austin/ros2/build/py_pubsub/py_pubsub.egg-info
writing /home/austin/ros2/build/py_pubsub/py_pubsub.egg-info/PKG-INFO
writing dependency_links to /home/austin/ros2/build/py_pubsub/py_pubsub.egg-info/dependency_links.txt
writing entry points to /home/austin/ros2/build/py_pubsub/py_pubsub.egg-info/entry_points.txt
writing requirements to /home/austin/ros2/build/py_pubsub/py_pubsub.egg-info/requires.txt
writing top-level names to /home/austin/ros2/build/py_pubsub/py_pubsub.egg-info/top_level.txt
writing manifest file '/home/austin/ros2/build/py_pubsub/py_pubsub.egg-info/SOURCES.txt'
reading manifest file '/home/austin/ros2/build/py_pubsub/py_pubsub.egg-info/SOURCES.txt'
writing manifest file '/home/austin/ros2/build/py_pubsub/py_pubsub.egg-info/SOURCES.txt'
running build
running build_py
creating /home/austin/ros2/build/py_pubsub/build
creating /home/austin/ros2/build/py_pubsub/build/lib
creating /home/austin/ros2/build/py_pubsub/build/lib/py_pubsub
copying py_pubsub/publisher_member_function.py -> /home/austin/ros2/build/py_pubsub/build/lib/py_pubsub
copying py_pubsub/__init__.py -> /home/austin/ros2/build/py_pubsub/build/lib/py_pubsub
copying py_pubsub/subscriber_member_function.py -> /home/austin/ros2/build/py_pubsub/build/lib/py_pubsub
running install
running install_lib
creating /home/austin/ros2/install/py_pubsub/lib/python3.6/site-packages/py_pubsub
copying /home/austin/ros2/build/py_pubsub/build/lib/py_pubsub/publisher_member_function.py -> /home/austin/ros2/install/py_pubsub/lib/python3.6/site-packages/py_pubsub
copying /home/austin/ros2/build/py_pubsub/build/lib/py_pubsub/__init__.py -> /home/austin/ros2/install/py_pubsub/lib/python3.6/site-packages/py_pubsub
copying /home/austin/ros2/build/py_pubsub/build/lib/py_pubsub/subscriber_member_function.py -> /home/austin/ros2/install/py_pubsub/lib/python3.6/site-packages/py_pubsub
byte-compiling /home/austin/ros2/install/py_pubsub/lib/python3.6/site-packages/py_pubsub/publisher_member_function.py to publisher_member_function.cpython-36.pyc
byte-compiling /home/austin/ros2/install/py_pubsub/lib/python3.6/site-packages/py_pubsub/__init__.py to __init__.cpython-36.pyc
byte-compiling /home/austin/ros2/install/py_pubsub/lib/python3.6/site-packages/py_pubsub/subscriber_member_function.py to subscriber_member_function.cpython-36.pyc
running install_data
creating /home/austin/ros2/install/py_pubsub/share/ament_index
creating /home/austin/ros2/install/py_pubsub/share/ament_index/resource_index
creating /home/austin/ros2/install/py_pubsub/share/ament_index/resource_index/packages
copying resource/py_pubsub -> /home/austin/ros2/install/py_pubsub/share/ament_index/resource_index/packages
copying package.xml -> /home/austin/ros2/install/py_pubsub/share/py_pubsub
running install_egg_info
Copying /home/austin/ros2/build/py_pubsub/py_pubsub.egg-info to /home/austin/ros2/install/py_pubsub/lib/python3.6/site-packages/py_pubsub-0.0.0-py3.6.egg-info
running install_scripts
Installing listener script to /home/austin/ros2/install/py_pubsub/lib/py_pubsub
Installing talker script to /home/austin/ros2/install/py_pubsub/lib/py_pubsub
writing list of installed files to '/home/austin/ros2/build/py_pubsub/install.log'
