[0.388s] Invoking command in '/home/austin/ros2/src/py_pubsub': PYTHONPATH=/home/austin/ros2/install/py_pubsub/lib/python3.6/site-packages:${PYTHONPATH} /usr/bin/python3 setup.py egg_info --egg-base /home/austin/ros2/build/py_pubsub build --build-base /home/austin/ros2/build/py_pubsub/build install --prefix /home/austin/ros2/install/py_pubsub --record /home/austin/ros2/build/py_pubsub/install.log --single-version-externally-managed
[0.561s] running egg_info
[0.562s] writing /home/austin/ros2/build/py_pubsub/py_pubsub.egg-info/PKG-INFO
[0.562s] writing dependency_links to /home/austin/ros2/build/py_pubsub/py_pubsub.egg-info/dependency_links.txt
[0.562s] writing entry points to /home/austin/ros2/build/py_pubsub/py_pubsub.egg-info/entry_points.txt
[0.562s] writing requirements to /home/austin/ros2/build/py_pubsub/py_pubsub.egg-info/requires.txt
[0.562s] writing top-level names to /home/austin/ros2/build/py_pubsub/py_pubsub.egg-info/top_level.txt
[0.588s] reading manifest file '/home/austin/ros2/build/py_pubsub/py_pubsub.egg-info/SOURCES.txt'
[0.589s] writing manifest file '/home/austin/ros2/build/py_pubsub/py_pubsub.egg-info/SOURCES.txt'
[0.589s] running build
[0.589s] running build_py
[0.590s] running install
[0.590s] running install_lib
[0.591s] running install_data
[0.591s] running install_egg_info
[0.592s] removing '/home/austin/ros2/install/py_pubsub/lib/python3.6/site-packages/py_pubsub-0.0.0-py3.6.egg-info' (and everything under it)
[0.592s] Copying /home/austin/ros2/build/py_pubsub/py_pubsub.egg-info to /home/austin/ros2/install/py_pubsub/lib/python3.6/site-packages/py_pubsub-0.0.0-py3.6.egg-info
[0.593s] running install_scripts
[0.608s] Installing listener script to /home/austin/ros2/install/py_pubsub/lib/py_pubsub
[0.608s] Installing talker script to /home/austin/ros2/install/py_pubsub/lib/py_pubsub
[0.608s] writing list of installed files to '/home/austin/ros2/build/py_pubsub/install.log'
[0.630s] Invoked command in '/home/austin/ros2/src/py_pubsub' returned '0': PYTHONPATH=/home/austin/ros2/install/py_pubsub/lib/python3.6/site-packages:${PYTHONPATH} /usr/bin/python3 setup.py egg_info --egg-base /home/austin/ros2/build/py_pubsub build --build-base /home/austin/ros2/build/py_pubsub/build install --prefix /home/austin/ros2/install/py_pubsub --record /home/austin/ros2/build/py_pubsub/install.log --single-version-externally-managed
