[0.375s] Invoking command in '/home/austin/ROS2/ros2/src/py_pubsub': PYTHONPATH=/home/austin/ROS2/ros2/install/py_pubsub/lib/python3.6/site-packages:${PYTHONPATH} /usr/bin/python3 setup.py egg_info --egg-base /home/austin/ROS2/ros2/build/py_pubsub build --build-base /home/austin/ROS2/ros2/build/py_pubsub/build install --prefix /home/austin/ROS2/ros2/install/py_pubsub --record /home/austin/ROS2/ros2/build/py_pubsub/install.log --single-version-externally-managed
[0.546s] running egg_info
[0.547s] writing /home/austin/ROS2/ros2/build/py_pubsub/py_pubsub.egg-info/PKG-INFO
[0.547s] writing dependency_links to /home/austin/ROS2/ros2/build/py_pubsub/py_pubsub.egg-info/dependency_links.txt
[0.547s] writing entry points to /home/austin/ROS2/ros2/build/py_pubsub/py_pubsub.egg-info/entry_points.txt
[0.547s] writing requirements to /home/austin/ROS2/ros2/build/py_pubsub/py_pubsub.egg-info/requires.txt
[0.547s] writing top-level names to /home/austin/ROS2/ros2/build/py_pubsub/py_pubsub.egg-info/top_level.txt
[0.573s] reading manifest file '/home/austin/ROS2/ros2/build/py_pubsub/py_pubsub.egg-info/SOURCES.txt'
[0.574s] writing manifest file '/home/austin/ROS2/ros2/build/py_pubsub/py_pubsub.egg-info/SOURCES.txt'
[0.574s] running build
[0.574s] running build_py
[0.575s] running install
[0.575s] running install_lib
[0.575s] running install_data
[0.576s] running install_egg_info
[0.577s] removing '/home/austin/ROS2/ros2/install/py_pubsub/lib/python3.6/site-packages/py_pubsub-0.0.0-py3.6.egg-info' (and everything under it)
[0.577s] Copying /home/austin/ROS2/ros2/build/py_pubsub/py_pubsub.egg-info to /home/austin/ROS2/ros2/install/py_pubsub/lib/python3.6/site-packages/py_pubsub-0.0.0-py3.6.egg-info
[0.578s] running install_scripts
[0.592s] Installing listener script to /home/austin/ROS2/ros2/install/py_pubsub/lib/py_pubsub
[0.592s] Installing talker script to /home/austin/ROS2/ros2/install/py_pubsub/lib/py_pubsub
[0.593s] writing list of installed files to '/home/austin/ROS2/ros2/build/py_pubsub/install.log'
[0.632s] Invoked command in '/home/austin/ROS2/ros2/src/py_pubsub' returned '0': PYTHONPATH=/home/austin/ROS2/ros2/install/py_pubsub/lib/python3.6/site-packages:${PYTHONPATH} /usr/bin/python3 setup.py egg_info --egg-base /home/austin/ROS2/ros2/build/py_pubsub build --build-base /home/austin/ROS2/ros2/build/py_pubsub/build install --prefix /home/austin/ROS2/ros2/install/py_pubsub --record /home/austin/ROS2/ros2/build/py_pubsub/install.log --single-version-externally-managed
